Compiling the CXX compiler identification source file "CMakeCXXCompilerId.cpp" failed.
Compiler: /usr/bin/gcc 
Build flags: 
Id flags:  

The output was:
1
gcc: error trying to exec 'cc1plus': execvp: Aucun fichier ou dossier de ce type


Compiling the CXX compiler identification source file "CMakeCXXCompilerId.cpp" failed.
Compiler: /usr/bin/gcc 
Build flags: 
Id flags: -c 

The output was:
1
gcc: error trying to exec 'cc1plus': execvp: Aucun fichier ou dossier de ce type


Compiling the CXX compiler identification source file "CMakeCXXCompilerId.cpp" failed.
Compiler: /usr/bin/gcc 
Build flags: 
Id flags: --c++ 

The output was:
1
gcc: error: unrecognized command line option ‘--c++’


Compiling the CXX compiler identification source file "CMakeCXXCompilerId.cpp" failed.
Compiler: /usr/bin/gcc 
Build flags: 
Id flags: --ec++ 

The output was:
1
gcc: error: unrecognized command line option ‘--ec++’; did you mean ‘-Weffc++’?


Compiling the CXX compiler identification source file "CMakeCXXCompilerId.cpp" failed.
Compiler: /usr/bin/gcc 
Build flags: 
Id flags:  

The output was:
1
gcc: error trying to exec 'cc1plus': execvp: Aucun fichier ou dossier de ce type


Compiling the CXX compiler identification source file "CMakeCXXCompilerId.cpp" failed.
Compiler: /usr/bin/gcc 
Build flags: 
Id flags: -c 

The output was:
1
gcc: error trying to exec 'cc1plus': execvp: Aucun fichier ou dossier de ce type


Compiling the CXX compiler identification source file "CMakeCXXCompilerId.cpp" failed.
Compiler: /usr/bin/gcc 
Build flags: 
Id flags: --c++ 

The output was:
1
gcc: error: unrecognized command line option ‘--c++’


Compiling the CXX compiler identification source file "CMakeCXXCompilerId.cpp" failed.
Compiler: /usr/bin/gcc 
Build flags: 
Id flags: --ec++ 

The output was:
1
gcc: error: unrecognized command line option ‘--ec++’; did you mean ‘-Weffc++’?


Checking whether the CXX compiler is IAR using "" did not match "IAR .+ Compiler":
gcc: fatal error: no input files
compilation terminated.
Checking whether the CXX compiler is IAR using "" did not match "IAR .+ Compiler":
gcc: fatal error: no input files
compilation terminated.
Determining if the CXX compiler works failed with the following output:
Change Dir: /home/gael/Documents/libui/CMakeFiles/CMakeTmp

Run Build Command:"/usr/bin/make" "cmTC_2c7cb/fast"
make[1] : on entre dans le répertoire « /home/gael/Documents/libui/CMakeFiles/CMakeTmp »
/usr/bin/make -f CMakeFiles/cmTC_2c7cb.dir/build.make CMakeFiles/cmTC_2c7cb.dir/build
make[2] : on entre dans le répertoire « /home/gael/Documents/libui/CMakeFiles/CMakeTmp »
Building CXX object CMakeFiles/cmTC_2c7cb.dir/testCXXCompiler.cxx.o
/usr/bin/gcc     -o CMakeFiles/cmTC_2c7cb.dir/testCXXCompiler.cxx.o -c /home/gael/Documents/libui/CMakeFiles/CMakeTmp/testCXXCompiler.cxx
gcc: error trying to exec 'cc1plus': execvp: Aucun fichier ou dossier de ce type
CMakeFiles/cmTC_2c7cb.dir/build.make:65: recipe for target 'CMakeFiles/cmTC_2c7cb.dir/testCXXCompiler.cxx.o' failed
make[2]: *** [CMakeFiles/cmTC_2c7cb.dir/testCXXCompiler.cxx.o] Error 1
make[2] : on quitte le répertoire « /home/gael/Documents/libui/CMakeFiles/CMakeTmp »
Makefile:126: recipe for target 'cmTC_2c7cb/fast' failed
make[1]: *** [cmTC_2c7cb/fast] Error 2
make[1] : on quitte le répertoire « /home/gael/Documents/libui/CMakeFiles/CMakeTmp »


Compiling the CXX compiler identification source file "CMakeCXXCompilerId.cpp" failed.
Compiler: /usr/bin/gcc 
Build flags: 
Id flags:  

The output was:
1
gcc: error trying to exec 'cc1plus': execvp: Aucun fichier ou dossier de ce type


Compiling the CXX compiler identification source file "CMakeCXXCompilerId.cpp" failed.
Compiler: /usr/bin/gcc 
Build flags: 
Id flags: -c 

The output was:
1
gcc: error trying to exec 'cc1plus': execvp: Aucun fichier ou dossier de ce type


Compiling the CXX compiler identification source file "CMakeCXXCompilerId.cpp" failed.
Compiler: /usr/bin/gcc 
Build flags: 
Id flags: --c++ 

The output was:
1
gcc: error: unrecognized command line option ‘--c++’


Compiling the CXX compiler identification source file "CMakeCXXCompilerId.cpp" failed.
Compiler: /usr/bin/gcc 
Build flags: 
Id flags: --ec++ 

The output was:
1
gcc: error: unrecognized command line option ‘--ec++’; did you mean ‘-Weffc++’?


Compiling the CXX compiler identification source file "CMakeCXXCompilerId.cpp" failed.
Compiler: /usr/bin/gcc 
Build flags: 
Id flags:  

The output was:
1
gcc: error trying to exec 'cc1plus': execvp: Aucun fichier ou dossier de ce type


Compiling the CXX compiler identification source file "CMakeCXXCompilerId.cpp" failed.
Compiler: /usr/bin/gcc 
Build flags: 
Id flags: -c 

The output was:
1
gcc: error trying to exec 'cc1plus': execvp: Aucun fichier ou dossier de ce type


Compiling the CXX compiler identification source file "CMakeCXXCompilerId.cpp" failed.
Compiler: /usr/bin/gcc 
Build flags: 
Id flags: --c++ 

The output was:
1
gcc: error: unrecognized command line option ‘--c++’


Compiling the CXX compiler identification source file "CMakeCXXCompilerId.cpp" failed.
Compiler: /usr/bin/gcc 
Build flags: 
Id flags: --ec++ 

The output was:
1
gcc: error: unrecognized command line option ‘--ec++’; did you mean ‘-Weffc++’?


Checking whether the CXX compiler is IAR using "" did not match "IAR .+ Compiler":
gcc: fatal error: no input files
compilation terminated.
Checking whether the CXX compiler is IAR using "" did not match "IAR .+ Compiler":
gcc: fatal error: no input files
compilation terminated.
Determining if the CXX compiler works failed with the following output:
Change Dir: /home/gael/Documents/libui/CMakeFiles/CMakeTmp

Run Build Command:"/usr/bin/make" "cmTC_342e6/fast"
make[1] : on entre dans le répertoire « /home/gael/Documents/libui/CMakeFiles/CMakeTmp »
/usr/bin/make -f CMakeFiles/cmTC_342e6.dir/build.make CMakeFiles/cmTC_342e6.dir/build
make[2] : on entre dans le répertoire « /home/gael/Documents/libui/CMakeFiles/CMakeTmp »
Building CXX object CMakeFiles/cmTC_342e6.dir/testCXXCompiler.cxx.o
/usr/bin/gcc     -o CMakeFiles/cmTC_342e6.dir/testCXXCompiler.cxx.o -c /home/gael/Documents/libui/CMakeFiles/CMakeTmp/testCXXCompiler.cxx
gcc: error trying to exec 'cc1plus': execvp: Aucun fichier ou dossier de ce type
CMakeFiles/cmTC_342e6.dir/build.make:65: recipe for target 'CMakeFiles/cmTC_342e6.dir/testCXXCompiler.cxx.o' failed
make[2]: *** [CMakeFiles/cmTC_342e6.dir/testCXXCompiler.cxx.o] Error 1
make[2] : on quitte le répertoire « /home/gael/Documents/libui/CMakeFiles/CMakeTmp »
Makefile:126: recipe for target 'cmTC_342e6/fast' failed
make[1]: *** [cmTC_342e6/fast] Error 2
make[1] : on quitte le répertoire « /home/gael/Documents/libui/CMakeFiles/CMakeTmp »


Compiling the CXX compiler identification source file "CMakeCXXCompilerId.cpp" failed.
Compiler: /usr/bin/gcc 
Build flags: 
Id flags:  

The output was:
1
gcc: error trying to exec 'cc1plus': execvp: Aucun fichier ou dossier de ce type


Compiling the CXX compiler identification source file "CMakeCXXCompilerId.cpp" failed.
Compiler: /usr/bin/gcc 
Build flags: 
Id flags: -c 

The output was:
1
gcc: error trying to exec 'cc1plus': execvp: Aucun fichier ou dossier de ce type


Compiling the CXX compiler identification source file "CMakeCXXCompilerId.cpp" failed.
Compiler: /usr/bin/gcc 
Build flags: 
Id flags: --c++ 

The output was:
1
gcc: error: unrecognized command line option ‘--c++’


Compiling the CXX compiler identification source file "CMakeCXXCompilerId.cpp" failed.
Compiler: /usr/bin/gcc 
Build flags: 
Id flags: --ec++ 

The output was:
1
gcc: error: unrecognized command line option ‘--ec++’; did you mean ‘-Weffc++’?


Compiling the CXX compiler identification source file "CMakeCXXCompilerId.cpp" failed.
Compiler: /usr/bin/gcc 
Build flags: 
Id flags:  

The output was:
1
gcc: error trying to exec 'cc1plus': execvp: Aucun fichier ou dossier de ce type


Compiling the CXX compiler identification source file "CMakeCXXCompilerId.cpp" failed.
Compiler: /usr/bin/gcc 
Build flags: 
Id flags: -c 

The output was:
1
gcc: error trying to exec 'cc1plus': execvp: Aucun fichier ou dossier de ce type


Compiling the CXX compiler identification source file "CMakeCXXCompilerId.cpp" failed.
Compiler: /usr/bin/gcc 
Build flags: 
Id flags: --c++ 

The output was:
1
gcc: error: unrecognized command line option ‘--c++’


Compiling the CXX compiler identification source file "CMakeCXXCompilerId.cpp" failed.
Compiler: /usr/bin/gcc 
Build flags: 
Id flags: --ec++ 

The output was:
1
gcc: error: unrecognized command line option ‘--ec++’; did you mean ‘-Weffc++’?


Checking whether the CXX compiler is IAR using "" did not match "IAR .+ Compiler":
gcc: fatal error: no input files
compilation terminated.
Checking whether the CXX compiler is IAR using "" did not match "IAR .+ Compiler":
gcc: fatal error: no input files
compilation terminated.
Determining if the CXX compiler works failed with the following output:
Change Dir: /home/gael/Documents/libui/CMakeFiles/CMakeTmp

Run Build Command:"/usr/bin/make" "cmTC_be568/fast"
/usr/bin/make -f CMakeFiles/cmTC_be568.dir/build.make CMakeFiles/cmTC_be568.dir/build
make[1] : on entre dans le répertoire « /home/gael/Documents/libui/CMakeFiles/CMakeTmp »
Building CXX object CMakeFiles/cmTC_be568.dir/testCXXCompiler.cxx.o
/usr/bin/gcc     -o CMakeFiles/cmTC_be568.dir/testCXXCompiler.cxx.o -c /home/gael/Documents/libui/CMakeFiles/CMakeTmp/testCXXCompiler.cxx
gcc: error trying to exec 'cc1plus': execvp: Aucun fichier ou dossier de ce type
CMakeFiles/cmTC_be568.dir/build.make:65: recipe for target 'CMakeFiles/cmTC_be568.dir/testCXXCompiler.cxx.o' failed
make[1]: *** [CMakeFiles/cmTC_be568.dir/testCXXCompiler.cxx.o] Error 1
make[1] : on quitte le répertoire « /home/gael/Documents/libui/CMakeFiles/CMakeTmp »
Makefile:126: recipe for target 'cmTC_be568/fast' failed
make: *** [cmTC_be568/fast] Error 2


Determining if the pthread_create exist failed with the following output:
Change Dir: /home/gael/Documents/libui/CMakeFiles/CMakeTmp

Run Build Command:"/usr/bin/make" "cmTC_5389d/fast"
/usr/bin/make -f CMakeFiles/cmTC_5389d.dir/build.make CMakeFiles/cmTC_5389d.dir/build
make[1] : on entre dans le répertoire « /home/gael/Documents/libui/CMakeFiles/CMakeTmp »
Building C object CMakeFiles/cmTC_5389d.dir/CheckSymbolExists.c.o
/usr/bin/cc    -o CMakeFiles/cmTC_5389d.dir/CheckSymbolExists.c.o   -c /home/gael/Documents/libui/CMakeFiles/CMakeTmp/CheckSymbolExists.c
Linking C executable cmTC_5389d
/usr/bin/cmake -E cmake_link_script CMakeFiles/cmTC_5389d.dir/link.txt --verbose=1
/usr/bin/cc      CMakeFiles/cmTC_5389d.dir/CheckSymbolExists.c.o  -o cmTC_5389d 
CMakeFiles/cmTC_5389d.dir/CheckSymbolExists.c.o : Dans la fonction « main » :
CheckSymbolExists.c:(.text+0x1b) : référence indéfinie vers « pthread_create »
collect2: error: ld returned 1 exit status
CMakeFiles/cmTC_5389d.dir/build.make:97: recipe for target 'cmTC_5389d' failed
make[1]: *** [cmTC_5389d] Error 1
make[1] : on quitte le répertoire « /home/gael/Documents/libui/CMakeFiles/CMakeTmp »
Makefile:126: recipe for target 'cmTC_5389d/fast' failed
make: *** [cmTC_5389d/fast] Error 2

File /home/gael/Documents/libui/CMakeFiles/CMakeTmp/CheckSymbolExists.c:
/* */
#include <pthread.h>

int main(int argc, char** argv)
{
  (void)argv;
#ifndef pthread_create
  return ((int*)(&pthread_create))[argc];
#else
  (void)argc;
  return 0;
#endif
}

Determining if the function pthread_create exists in the pthreads failed with the following output:
Change Dir: /home/gael/Documents/libui/CMakeFiles/CMakeTmp

Run Build Command:"/usr/bin/make" "cmTC_0f927/fast"
/usr/bin/make -f CMakeFiles/cmTC_0f927.dir/build.make CMakeFiles/cmTC_0f927.dir/build
make[1] : on entre dans le répertoire « /home/gael/Documents/libui/CMakeFiles/CMakeTmp »
Building C object CMakeFiles/cmTC_0f927.dir/CheckFunctionExists.c.o
/usr/bin/cc   -DCHECK_FUNCTION_EXISTS=pthread_create   -o CMakeFiles/cmTC_0f927.dir/CheckFunctionExists.c.o   -c /usr/share/cmake-3.10/Modules/CheckFunctionExists.c
Linking C executable cmTC_0f927
/usr/bin/cmake -E cmake_link_script CMakeFiles/cmTC_0f927.dir/link.txt --verbose=1
/usr/bin/cc  -DCHECK_FUNCTION_EXISTS=pthread_create    CMakeFiles/cmTC_0f927.dir/CheckFunctionExists.c.o  -o cmTC_0f927 -lpthreads 
/usr/bin/ld : ne peut trouver -lpthreads
collect2: error: ld returned 1 exit status
CMakeFiles/cmTC_0f927.dir/build.make:97: recipe for target 'cmTC_0f927' failed
make[1]: *** [cmTC_0f927] Error 1
make[1] : on quitte le répertoire « /home/gael/Documents/libui/CMakeFiles/CMakeTmp »
Makefile:126: recipe for target 'cmTC_0f927/fast' failed
make: *** [cmTC_0f927/fast] Error 2


